TN:
SF:configs/logfilters.py
DA:1,1,1+9wdnNK6ERHmSA06tdyPQ
DA:17,1,EZEzNmL93PY96zsSuI0PfQ
DA:20,1,xbLDU6mgTHhQVk/9MvTZZw
DA:21,1,HYNz+hYqJsxFZb9GB6GvmQ
DA:22,0,H1kYfuMPNN4bhfSoU4KkAw
LF:4
LH:3
end_of_record
TN:
SF:decorators/time_benchmark.py
DA:1,1,1+9wdnNK6ERHmSA06tdyPQ
DA:18,1,EZEzNmL93PY96zsSuI0PfQ
DA:20,1,Kwz0pCYjW1zowqQuYF4MMw
DA:21,1,YUHXj84Dc4NbF8zAXmnlLg
DA:22,1,GlrGglDWRe8HqClJpBcBkQ
DA:24,1,5Dd+rsjJ1x8ExvtCyRW9EQ
DA:27,1,0cUjnXtlkxfk22nKBRzWYA
DA:28,1,332Z8mDePULcCQcFN+JeCQ
DA:31,1,+mJZkjOXN4S3XtG5T6+dJw
DA:32,1,llrTvyycuhq53/dfttg8MA
DA:33,1,2k8U8zUZb1D7il6YdVeqxQ
DA:45,1,uLR4Zy6Vf10KYq89VxqnSg
DA:48,1,xSkP2pIhbM9EdgyzWHWyag
DA:34,0,BcP/350eDtGuDPxvErsJzA
DA:35,0,nz73b0azApnBBk1LrPz00w
DA:36,0,XoKJhh/cAvueUtQ932tC5Q
DA:37,0,tuYiQ5DCDLWzUaFmBvWX7g
DA:38,0,6eJd2xa6c8o76OA6nc/09Q
DA:40,0,Y95pw9cdmlHDq18ijbhvYA
DA:42,0,lnrXdjSZzURkUAFKUJrfjQ
DA:43,0,cPa3dAsIk+eSRfSpgwNsyg
DA:49,0,a+Q1U44MQ6qvQ3JdyawZcw
DA:50,0,GWDedq5p8p6fgnPjK3ETpw
DA:51,0,wTH+Akk8lyExd/xnsrmEIw
DA:52,0,ehjfcHbm7KMm9+f4n0gWrQ
DA:53,0,dkTv9X6sRFihl/eNIodDlw
DA:54,0,Ot1FyVGKPkrAHd2zGU6llw
DA:55,0,ObHbe1HX0hcniEDV0Md/uw
DA:56,0,G1vqw3Iz6pV81k+iBl9tyQ
DA:58,0,73q8CDtPkSOGR2OiZhtdvA
DA:59,0,hZqdqXrvEnyfpu4XOwDMBQ
DA:60,0,3H3Ee2SzLvGws1ZCqMhgtQ
DA:63,0,3H3Ee2SzLvGws1ZCqMhgtQ
DA:65,0,6gJdd5cLy26USvBW9BRF1w
DA:67,0,bYkvrvdfY9dc2JMPkr+OGg
DA:69,0,cgpq6gC6sYBXHtBVPyPFSA
LF:35
LH:12
end_of_record
TN:
SF:helpers/__init__.py
DA:1,1,ViRuAzrn3iqUYc6wfdpsEA
DA:2,1,w80tB18RSSKL5opvsE+KCA
DA:3,1,uc1JIuE+YpyjPdAjnsCakA
DA:4,1,Ek/9Qq0UAjywVWvQDe0/WA
DA:5,1,MyEwQxUyyXfOqNZuDg7MEw
DA:6,1,1Jia/u8cMZhU52u8xXaQXA
DA:7,1,PpYbkr3u2i2IiJWAtBKxkw
DA:8,1,v2qv50nBaaNQPMDxOxnUMg
DA:9,1,nsSP1cT9rPGGyckGhZUSMA
DA:11,1,pN0Y6kLen1ytaJ4an5G+MQ
DA:13,1,hOy6hCFaTjD0bNto6JyMZg
DA:15,1,iKkb2ym/h0ej9N9hTusDyQ
DA:16,1,l3bEwy+Mq37CDTw6SN9Zfw
DA:17,1,88z2Xhjxw6Q7/LdM76TbVw
DA:19,1,wQZ+GPA52pQsppi0QJtqKA
DA:20,1,HwPQIHj9lFUICAT7SzfYDg
DA:24,1,pwV5foyKGKFJY+m59TNY2g
DA:25,1,ZVYuYoDuok699cCiGm0uew
DA:26,1,rc5BS90k8vbp/m+OPBYtfA
DA:27,1,L1Cviq0tuN8x3630uNbb6g
DA:28,1,2az0L01MZvUoztYwfoA0lA
DA:29,1,bS0W7fL09I55JSrZk52P6A
DA:30,1,rC4oGX0eVkjn1WjhuPg4LQ
DA:31,1,hQMPzgzqDqtmygYN1RiRcw
DA:33,1,nS7f8pIU7pIb738XnwmjHQ
LF:25
LH:25
end_of_record
TN:
SF:helpers/aircraft_helpers.py
DA:1,1,1+9wdnNK6ERHmSA06tdyPQ
DA:18,1,p7hNY1S5rX9QtYADf+cK4g
DA:19,1,EZEzNmL93PY96zsSuI0PfQ
DA:20,1,6vWAvNsegNqafFN4IKLrhg
DA:22,1,Rhtn/Pv47qLa+vF6umTFaQ
DA:24,1,eKXWAxV+GS45aDIN2IbQXw
DA:25,1,fpoL87ZDw0Lyrk5Dk2uaWA
DA:26,1,Xu7eXNyEv4nadUYhmZOUlg
DA:28,1,2SogVt0Av23EN4P6jzk03Q
DA:31,1,0cUjnXtlkxfk22nKBRzWYA
DA:32,1,332Z8mDePULcCQcFN+JeCQ
DA:34,1,t0s/Yl9UryUzAgh+ehUNYw
DA:36,1,8++HvyV4JjNGj+nd4tbTiQ
DA:43,1,a5/dwgFtSQypR2SdJZQjFw
DA:63,1,5DhhlRI1OsuLOCHSW2WLMA
DA:64,1,LLXnGnLeF3poQw7qtH+T4Q
DA:156,1,PMZP0cbeNoy6nP8N4QFRzg
DA:52,0,8uWIk2CvyZsKl802YiNN5Q
DA:53,0,JJyGL7XcwkrVI+Y6gvPekg
DA:55,0,oUBW1CumRIhfsrJjk95kaw
DA:57,0,EHCaXe1HeK3Y15762LQKtw
DA:59,0,e71oY2/KdYg5NEGqOpceVQ
DA:60,0,9BIj1DMihV1NhwRi+YYcLA
DA:74,0,vmrnkTOrIOWPaBT+7F6NmA
DA:76,0,ZcaDt681K7+B8rXUN6QgEw
DA:77,0,JJyGL7XcwkrVI+Y6gvPekg
DA:79,0,TLYymiFOBof9EdIHb5JwdA
DA:81,0,B/Fo9U4/nMeRNS1JjGZVyQ
DA:82,0,DsoR56wjKawDwENdtklStw
DA:84,0,2lUozHvtDtJ9OEhzYHgTCQ
DA:85,0,mVmXHBN36E/w+VAII9ypbw
DA:86,0,l7F9K7obI11DLer6ebxAIw
DA:87,0,TLYymiFOBof9EdIHb5JwdA
DA:89,0,zYr+UINHurxMWjkZgxgd2w
DA:90,0,QIfo6DEApPrtuQ0ydBlm+g
DA:92,0,ZnG6osQoiRt/8Qgwg81vlw
DA:94,0,tkAB0wtLqGNKXFZ/jUOyOg
DA:98,0,g3z7alrCVQVcemjFZXSm7g
DA:99,0,Q4GRvaYZbA6hyLjdiBcekQ
DA:100,0,wcXtMv5GhSktmjgyJCe9Kw
DA:101,0,voAC33LNJrQd4y5Pgemzkw
DA:102,0,4QLlVM+cFvvDoQ4yYDyP9w
DA:107,0,UbOUKxFn0esQJqKztaf1HA
DA:108,0,IUlUkWdbbsBI2yvd590dKw
DA:109,0,Qeumg80K3Zpr4dG9xqIbPg
DA:111,0,/2U30+15+U3k3STFzgjHaw
DA:113,0,N/4W8pC4wEsf/5N1MHSTpg
DA:114,0,qaGnGmI7LFAkIeJXEBm/EA
DA:115,0,rJPtSyZUlBkOc89pU4kP8w
DA:117,0,9qk7TSMDEXBQV0VLv86eew
DA:118,0,Ns15F8v/j0gF1ykLA83pLw
DA:119,0,qMd8hPOvboZel1fafEpeaQ
DA:120,0,OZliGks+1pKlibQRVUk6uA
DA:122,0,zKpTn2Wncj91MaLS90piJg
DA:125,0,cc+0YnopF9UKnSOHfVhhuQ
DA:126,0,qaGnGmI7LFAkIeJXEBm/EA
DA:127,0,oF4f3z8LBEQaVnE2l5Bw8w
DA:128,0,qaGnGmI7LFAkIeJXEBm/EA
DA:131,0,L0LwTx2W7eXQ7cuyKOSGNQ
DA:132,0,mGO9+VB349CH+hCDlHOpOA
DA:133,0,nftKCBObuCmGH6C0wdkuRA
DA:134,0,vBSDPGc3VoMinPmz1QQ0kQ
DA:136,0,RSmybTH7VGBOnHcCzPSkOQ
DA:137,0,mkJBl9HeLPHwjmOJ0waNeA
DA:138,0,WKFDVZmRvyisF4WbxgLicQ
DA:139,0,LI+NHTO937KWkAptGwvKCw
DA:141,0,OZliGks+1pKlibQRVUk6uA
DA:142,0,3Ic8H3SxW75aDh9RyQbCgg
DA:144,0,sRKKHK4tTrWkoOqOhh7mew
DA:145,0,whFR10lZRrk9ZhqD4MB0dg
DA:146,0,qVGTCBznauQWliuylK5Zjw
DA:147,0,uCmT17HcJBydLLy1rSJ+SA
DA:148,0,ZMQMQ9sZW3pJUXrS3cxwtA
DA:149,0,oCVle4005lKjEfQ/iLdDSw
DA:151,0,j8bZoE6OxFKuXjjZlL96LQ
DA:153,0,rU6/hp/UDxUZQWbDAg6Bjw
DA:157,0,WpIbiKw2ChxrGvLw9rX2Bg
DA:159,0,+lxTMPfjjPKBsZ9NRw+/jA
LF:77
LH:16
end_of_record
TN:
SF:helpers/aircraft_light_params.py
DA:1,1,1+9wdnNK6ERHmSA06tdyPQ
DA:18,1,OaTlemF3bXMi5MP7Db8vkQ
DA:19,1,EZEzNmL93PY96zsSuI0PfQ
DA:21,1,fpoL87ZDw0Lyrk5Dk2uaWA
DA:22,1,EfCIDHiCLATXsIfrI6s2rw
DA:24,1,Xu7eXNyEv4nadUYhmZOUlg
DA:27,1,0cUjnXtlkxfk22nKBRzWYA
DA:28,1,332Z8mDePULcCQcFN+JeCQ
DA:30,1,Of88bbe2fa32Bmqlu8EIqQ
DA:31,1,jBAkf8y3UMMrddE3jGEseQ
DA:34,1,bbEs2I6MbaVSTtem1N/QLg
DA:45,1,31VIDdSuwVjRliuJkgCLsQ
DA:67,1,AHv2tci0tk4LYx3umdQGMw
DA:89,1,b+u4htpuaY+7mSQIrTW98g
DA:111,1,Sof0ER9h4UIqFUu32xnhcw
DA:40,0,TZPNYEQSZlwWXtV4lBhNew
DA:41,0,eJ6zrxnLWn/k18a2vHOhRA
DA:42,0,+pNbfy9o+cr8r1Caa0Dl7A
DA:51,0,fscPdNSttgzaoB1zMNRkHg
DA:52,0,B/Fo9U4/nMeRNS1JjGZVyQ
DA:53,0,BO/Y86FYGCORbyaVr5AomA
DA:54,0,I50E1OOUrtwhw3rEECmsQg
DA:56,0,zzmLFnwGUNFMH+9uDEJmbA
DA:57,0,jbFqq0TTgWOxRhA5IHCKDQ
DA:58,0,TLYymiFOBof9EdIHb5JwdA
DA:59,0,FpEm+yNd4csLIdy8/hErBw
DA:60,0,JJyGL7XcwkrVI+Y6gvPekg
DA:63,0,TLYymiFOBof9EdIHb5JwdA
DA:64,0,DXtM00SEYoV6bF0jaDM5sw
DA:73,0,VfBgAQsshBuwqsUe2EZIZg
DA:74,0,B/Fo9U4/nMeRNS1JjGZVyQ
DA:75,0,/am/q/JUmTaBjHPNYd3/Hw
DA:76,0,C+7+BLqq0UxCo61stqPIMg
DA:78,0,zzmLFnwGUNFMH+9uDEJmbA
DA:79,0,r797o7i1rAt5uAB9quc1vQ
DA:80,0,TLYymiFOBof9EdIHb5JwdA
DA:81,0,FpEm+yNd4csLIdy8/hErBw
DA:82,0,JJyGL7XcwkrVI+Y6gvPekg
DA:85,0,TLYymiFOBof9EdIHb5JwdA
DA:86,0,bpDmweqrdjSBj+/9WP50lQ
DA:95,0,HZi9QUd4B1eqc7osc+yrww
DA:96,0,B/Fo9U4/nMeRNS1JjGZVyQ
DA:97,0,/am/q/JUmTaBjHPNYd3/Hw
DA:98,0,C+7+BLqq0UxCo61stqPIMg
DA:100,0,zzmLFnwGUNFMH+9uDEJmbA
DA:101,0,ts6Bqny3Toumz2aqgLm+Cw
DA:102,0,TLYymiFOBof9EdIHb5JwdA
DA:103,0,FpEm+yNd4csLIdy8/hErBw
DA:104,0,JJyGL7XcwkrVI+Y6gvPekg
DA:107,0,TLYymiFOBof9EdIHb5JwdA
DA:108,0,bpDmweqrdjSBj+/9WP50lQ
DA:120,0,u4FLxJcHU2w8rrBIxZpAsA
DA:121,0,RlTutgkLDHMc8D6jTs1A/w
DA:124,0,u7M05NM5eHY5IUb+Wrxm7A
DA:125,0,pQu6oNuD7VKR0M3cqkOI2Q
DA:127,0,AKfSOYnTDe7IKyTXEG8aPw
DA:129,0,dovDl3NOdDppdS+MSPEaiA
DA:130,0,tE2bfZ/ks/diHwuCeI9C5Q
LF:57
LH:14
end_of_record
TN:
SF:helpers/custom_exceptions.py
DA:1,1,1+9wdnNK6ERHmSA06tdyPQ
DA:19,1,XkacA26VtmYxoyorqO6WAQ
DA:20,1,4s1fyCn0uD/2/s4ohjRN6A
DA:22,1,auIWUoBe9nJwmH3qLbAILg
DA:27,1,we12QOik9AbNYyZ9ssoieg
DA:28,1,CPuXSCU1s/Tn7GhipXL2jA
DA:30,1,Nq+jmdGOm7/vicZOZnwYHA
DA:35,1,yLGhAvFpaZGefI6Qn86Lhw
DA:36,1,Zzl9j9QDWXgiMxIXiQkOPQ
DA:38,1,+EvrVdGF4dGUGVVz2h1DFg
DA:23,0,X4vEPl7JSzweIH9YYJhfng
DA:24,0,w3KhuJPrzEB5BKwoY5fzjA
DA:31,0,X4vEPl7JSzweIH9YYJhfng
DA:32,0,w3KhuJPrzEB5BKwoY5fzjA
DA:39,0,X4vEPl7JSzweIH9YYJhfng
DA:40,0,w3KhuJPrzEB5BKwoY5fzjA
LF:12
LH:6
end_of_record
TN:
SF:helpers/get_description.py
DA:1,1,1+9wdnNK6ERHmSA06tdyPQ
DA:17,1,doJ+s5jyvyJiPCQebfFcIA
DA:19,1,9YTGgGDG9grVtnPgOhqYcw
DA:29,1,1Vc4TA1Kzf2H559elniPjw
DA:38,1,l7W4fEuvN4w9FlhxUeDYBQ
DA:48,1,qTsRrOrSKpXohQ7CjDOESg
DA:58,1,gvLpmdVi3M0bCncgNx8Nvw
DA:66,1,xQVNdxAJxuGw1z9RcZmDQw
DA:59,0,ZpXfLJOdKSoHE29iZ6sp6w
DA:60,0,vUa9cnDrjPVpKWTtgC4UoQ
DA:61,0,/58wBdxb2tsi23KB0u0KGg
DA:62,0,mW7Rvjolq4UohY7KRWzMIg
DA:63,0,Vr+kh5aAR7lF8wCFcbQjAA
DA:67,0,0btwz6DCdhofocaUAvkm/Q
DA:68,0,uXf7h8ihUdRAd6RHYPkh5A
DA:69,0,Jj7Q4xIXrWFDfQ9bybTdFA
LF:15
LH:7
end_of_record
TN:
SF:helpers/helpers.py
DA:1,1,1+9wdnNK6ERHmSA06tdyPQ
DA:18,1,EZEzNmL93PY96zsSuI0PfQ
DA:19,1,mUDsnWRiqW9R9nTILGKIZg
DA:20,1,OaTlemF3bXMi5MP7Db8vkQ
DA:21,1,6vWAvNsegNqafFN4IKLrhg
DA:23,1,Xu7eXNyEv4nadUYhmZOUlg
DA:25,1,2SogVt0Av23EN4P6jzk03Q
DA:27,1,Rhtn/Pv47qLa+vF6umTFaQ
DA:30,1,0cUjnXtlkxfk22nKBRzWYA
DA:31,1,332Z8mDePULcCQcFN+JeCQ
DA:34,1,GsalUtvqriidCP2FFlBIbw
DA:41,1,5aPlJLTdYF6kLsu3V062qg
DA:69,1,5DhhlRI1OsuLOCHSW2WLMA
DA:70,1,Bkyx2Zm6CbJDla6+IradWg
DA:99,1,5DhhlRI1OsuLOCHSW2WLMA
DA:100,1,3p5oojhR7LYvMBj1Xh7EUA
DA:118,1,5DhhlRI1OsuLOCHSW2WLMA
DA:119,1,mbhKMcDvAvk5CApsMmlMSw
DA:137,1,gIBnMz1LCtjNgiUhjAVrZQ
DA:157,1,gl4pVqsNHRxVVQsN+Q5VBg
DA:179,1,WBGcCEQWesWir/RiYsKOCA
DA:203,1,l6HUf69eHKXjkSfJ4o6+Bg
DA:219,1,YAkW2iuqQGob1VXt9eFKDg
DA:37,0,4NIEFJvgyOWF5ZicraM54A
DA:38,0,9oEip0tTJ5taCsAF7CQung
DA:49,0,MCiG/HVFAXKPMRjUGDsk0w
DA:50,0,o6pRwK5ISbypHaFH3NTTVA
DA:51,0,F2WZF6FOD3ngQdrsVuIpKg
DA:53,0,rL0nFNglFtsP1senaeTUNg
DA:54,0,q62Vu8xwp5aAFPS/alIlBg
DA:55,0,sOvtOfk75TbAtTgkgicGHg
DA:56,0,xjcDBnSwra0OiNOAYAwoHA
DA:57,0,aFUre1Zw0y/WK7NU+ijtAg
DA:58,0,UD/lDcK8E8G36c2ND9I8Pg
DA:59,0,RKchAAD5gBKIE6+Yp6kKPA
DA:60,0,sOvtOfk75TbAtTgkgicGHg
DA:61,0,7OqCdfDnlFKrmk2VAiNmpQ
DA:62,0,5zgJFZ8Myyza1Bfv/NFo1A
DA:63,0,sOvtOfk75TbAtTgkgicGHg
DA:64,0,wfPj8Djhx2r7e/E1Fbo36Q
DA:65,0,5elxurNStuYpbEZQ4HV3xw
DA:66,0,19pz2BcDoaJOcw1B7zFqPw
DA:77,0,MCiG/HVFAXKPMRjUGDsk0w
DA:78,0,Avv+lfZtW/MUmJ1HVpy8lQ
DA:79,0,tXsoBDm1QHYgpK8hf54sfw
DA:82,0,ESoHQiKZULwO6U8hRkfsyA
DA:83,0,Z72Ks+iACZzVB8Ndsgt07g
DA:86,0,sOvtOfk75TbAtTgkgicGHg
DA:87,0,xjcDBnSwra0OiNOAYAwoHA
DA:88,0,CQdGr9fYCQ/HxRah3D56Yw
DA:89,0,UD/lDcK8E8G36c2ND9I8Pg
DA:90,0,/SNH0pn6nw3lsy9lQqa8WA
DA:91,0,sOvtOfk75TbAtTgkgicGHg
DA:93,0,uH6oyi/No2M0vOz9yGmnJQ
DA:94,0,EuapfHOF3/f6TpCDOw6mKQ
DA:95,0,SiEBB7hIBiXSgq/6SVuN9A
DA:96,0,29mk64Q0gZtDIBJtAQRPwg
DA:107,0,c4dArY2d6OYHys7yqO88jA
DA:108,0,Ls6h2zyFP3tKXK1+PwNB8A
DA:109,0,tYnLtI3xEJkBZr+V/lLu7w
DA:110,0,OjPgqoFaZk0/fzaGvj3KJw
DA:111,0,mVtP1RL/x9XlC3HDnVWAMA
DA:112,0,CQCsR64E78lsI8/1OL8M+g
DA:113,0,49k3sNZNR/bR13Um9mc2HA
DA:114,0,SSVzhKMsXGalt1ckQDDnzA
DA:115,0,GHRC2O+KtncefufYdQLyUQ
DA:129,0,fAP83L95ghwYmjMg43eQcA
DA:130,0,XGdvIQAW9Vl5tBpr3Ip59Q
DA:131,0,Dnr6ERgi0hji6iF4N1gu/A
DA:133,0,cL4UUf+/yS6iAZnG/Ur2jA
DA:134,0,BonE+ypg6o3EC8+RcVMVEw
DA:144,0,f82t66B37+O/2XV/b7uWrw
DA:145,0,OfNf2YixEiJlsHQT87OToQ
DA:146,0,Iivc35raNS4SqhVNZbW53g
DA:147,0,xjcDBnSwra0OiNOAYAwoHA
DA:148,0,Krb67iRNNNgpXEdbKdvbHw
DA:149,0,h9tBh8CXBkcZJwOs52F8hQ
DA:150,0,yNm6OKoQ2Im07lWqoE6KEQ
DA:151,0,sOvtOfk75TbAtTgkgicGHg
DA:152,0,YuVr4I/RmyymjhN4aZHE/w
DA:153,0,x5MVA12QrMEiEC48DN55Zw
DA:154,0,sOvtOfk75TbAtTgkgicGHg
DA:170,0,4Dv/hoN1RAZruQkJguUBaw
DA:171,0,V8mVxnt5XlSFv9WjdbkdJw
DA:172,0,336wj8tRh//N7zSQ8ny7HA
DA:175,0,AzTWsJlfZCCcbuulNRDIzQ
DA:176,0,tLXR8vJpQFZv8aUMSbN1vw
DA:188,0,B/Fo9U4/nMeRNS1JjGZVyQ
DA:189,0,6i/DQbrH8izLAv8LIZ/x+g
DA:190,0,LGFNk7sINM883PO1DFC8FQ
DA:191,0,zzmLFnwGUNFMH+9uDEJmbA
DA:192,0,biLQP3Px0sa94fzVKpmukg
DA:193,0,W/g8GJDAYJkSSurt59Mzfw
DA:194,0,FpEm+yNd4csLIdy8/hErBw
DA:195,0,JJyGL7XcwkrVI+Y6gvPekg
DA:198,0,W/g8GJDAYJkSSurt59Mzfw
DA:200,0,LWILTcvARcydjFFyo9qM0A
DA:212,0,VZUpSLb4/bWkzaYE0eHqUw
DA:213,0,JRpwpyKAZYmk05iMz4Cdww
DA:214,0,D+Lyt4vc+4xV27XCKljHgw
DA:216,0,BJBlZsSWstphiTlZImt1kA
DA:223,0,Cgj8i6va1CY0WUA98p1HwQ
DA:224,0,MCiG/HVFAXKPMRjUGDsk0w
DA:225,0,34TRrv65JADKqybCBl6DNg
DA:227,0,PbYll65pOs2PXZKvhtZuRQ
DA:230,0,xjcDBnSwra0OiNOAYAwoHA
DA:231,0,BupUdet4xaOUDXMVyotKsw
DA:232,0,UD/lDcK8E8G36c2ND9I8Pg
DA:233,0,JiDRBS9Izs2aYIyDkDI9LA
DA:234,0,ZiMFRMaByVCTYno3YuWCgg
DA:235,0,sOvtOfk75TbAtTgkgicGHg
DA:236,0,r+LMDuDLoOX/N0Uj9LxLlg
DA:237,0,vY5vQC1QnnD5YBLh2vyelg
DA:238,0,sOvtOfk75TbAtTgkgicGHg
DA:239,0,xjcDBnSwra0OiNOAYAwoHA
DA:240,0,baErRhmPb2InmPD3RGvACQ
DA:241,0,UD/lDcK8E8G36c2ND9I8Pg
DA:242,0,p2ELIYgLfPwIJXzi3Ap29w
DA:243,0,sOvtOfk75TbAtTgkgicGHg
DA:244,0,LwDDqCdDJq0eYQhrWnPOOQ
LF:119
LH:22
end_of_record
TN:
SF:helpers/init_logging.py
DA:1,1,1+9wdnNK6ERHmSA06tdyPQ
DA:17,1,EZEzNmL93PY96zsSuI0PfQ
DA:18,1,iX/0PHtdVKU30m6nWbhRvA
DA:20,1,OaTlemF3bXMi5MP7Db8vkQ
DA:21,1,mUDsnWRiqW9R9nTILGKIZg
DA:26,1,ea+HvHppSdUXprPpsmQ6ow
DA:27,1,GnBN700K1c3Hbvbc9RjRNw
DA:28,1,xjcDBnSwra0OiNOAYAwoHA
DA:29,1,gMxzHIaNrJjCgleIX5EKFw
DA:41,1,w6fJHkAOuGCOZwyhijQWTw
DA:30,0,YuVr4I/RmyymjhN4aZHE/w
DA:31,0,eyC07YVTyyuQYKvNPnK/rw
DA:32,0,TQEf2e7t8K+5qSNWiCP25g
DA:33,0,rz/J1INb/luzEr9uBxPaMA
DA:34,0,QR3u+3g9+Bxz5SsES5a/Bg
DA:35,0,EOoSpHVggUagTZA3Y4uHMA
DA:38,0,TQEf2e7t8K+5qSNWiCP25g
DA:39,0,rz/J1INb/luzEr9uBxPaMA
LF:17
LH:9
end_of_record
TN:
SF:helpers/light_manipulators.py
DA:1,1,1+9wdnNK6ERHmSA06tdyPQ
DA:17,1,7Z9Lj4ed27Wf2hBX6jooEA
DA:18,1,p7hNY1S5rX9QtYADf+cK4g
DA:19,1,EZEzNmL93PY96zsSuI0PfQ
DA:20,1,AwpGUILSjGu34WAr6c5fRA
DA:21,1,Xu7eXNyEv4nadUYhmZOUlg
DA:25,1,kDzkLOVRAlute1IooT83Gg
DA:27,1,whuirKk2WmmlDIDeI3QLEQ
DA:41,1,/1KVHIPtx4sv6FeYHJ/fEw
DA:51,1,0cUjnXtlkxfk22nKBRzWYA
DA:52,1,332Z8mDePULcCQcFN+JeCQ
DA:57,1,Cm3oXdVf64ma/tAXv5JAfA
DA:76,1,NT3BEDFVRxTIpuPFsdFWfQ
DA:85,1,mOKSOJQ+9rNkttFaOuDDpQ
DA:86,1,A7Jlx5S3v0tcHJqMMX+DSA
DA:90,1,lUWG6x3PIuF+dk93isYEZw
DA:102,1,hykDxcTbbO2yMXy4UT1TJQ
DA:111,1,EM5D03RpKpWdTRPf7XLXIQ
DA:114,1,5fBZFoePfrEiqBmuRrGBig
DA:124,1,M0prjDjdyyXa7KboCU0Q1Q
DA:126,1,51U/ks2xPN/lvGKUAffoOA
DA:128,1,BbQrhxtGwtL5mzEW+7W3AA
DA:131,1,bnAWPRWxRpxsJqTi3gjoVw
DA:140,1,Wwn3rZXhaDl8xUYA21yZSg
DA:141,1,iVnTDa0Cg9wml05Pxk3Lwg
DA:142,1,WIHbQhGDx+fnPgvGGEa6Pw
DA:145,1,mB3Pk/esCyqlpGBAWBUFVg
DA:155,1,fhVU0o3KZon/vhg1gGwPLw
DA:186,1,MCZ6XwX+f7RekYB/OxLpVA
DA:197,1,+1DR6moCGynsmdzouHm0wQ
DA:211,1,s9xWtW+HTgPYnEFXv1Sgjg
DA:217,1,gPo/4MVOQqf3uU9oDqq4Gg
DA:218,1,v8B0PzOdz2Ld1jxxZ8BpHg
DA:221,1,n1Bnw2ol5IGpm7z0Mety4Q
DA:222,1,wWvyVCzDRWfTVXhFZNNl1w
DA:230,1,5+rP6aTxAlD9ztD0dfwbYw
DA:231,1,hhrcACeQMs8piLq943uGcw
DA:233,1,XNiymhSLDOY6dWTogOOkLQ
DA:234,1,U3/LfS04yBfqpcBUqQAggg
DA:235,1,sOvtOfk75TbAtTgkgicGHg
DA:237,1,BKYL5pk5wNxY4NQdmgpDgw
DA:239,1,kAPzgPMU+JT0jRAxOP1Gow
DA:240,1,yy4VEJdbOa4k695qi1wcWw
DA:242,1,dR5uni8ZxlqhWtNyzJNw2A
DA:244,1,yroxcfMkFtahuVbySO43IA
DA:246,1,JGHaDaJaW15Euf5lSWZ2CQ
DA:248,1,JyQPbX8vNNb+xzbWogu6WA
DA:251,1,0FF2z5LcEpk2XSKpjGjtXQ
DA:255,1,iBlDFyMd3mLevuRy7PLn1Q
DA:258,1,ub8eZmjAiJFoXuqwfaMa/g
DA:261,1,5dlSFnYk6vul2tZkxvq1vw
DA:330,1,b5Fmy1ZBX8rHghKbSPn6Dw
DA:422,1,5VJGfHmmHrliI61KDxYu5g
DA:497,1,o1zWIm85RBL7C36biy6wFQ
DA:538,1,bYomkuvQEBDE7GFVqBIHsg
DA:612,1,H6w9PvewxA4MI287WWXd8A
DA:640,1,8S36EDWPKRb8EBEFEyla/w
DA:656,1,yOKcENoT84YNj92KSq++uQ
DA:693,1,iw001TtE7QxjxLEXe8NrsQ
DA:745,1,s0u8FK2LerqNvCv1emrWhw
DA:773,1,1B709AIhiZ0belCaWHAOgQ
DA:783,1,eLL9bJSe1rXoKUO8W8Ow4A
DA:791,1,s3HyYlUIwrXMag7Ellh+jw
DA:793,1,HVBxgupnO4x7jvZk/ITqHg
DA:794,1,+vnrGe+vt22WP1hIS/sOXg
DA:796,1,W1CH2kEa1djsUeqQ8wY+wQ
DA:799,1,e5GBa0bTfEBraBHCHuf7Dg
DA:802,1,EIOnYFINsDugqSMI/Vm+Rw
DA:69,0,FL6209u9lNi0i/Uf+cD85w
DA:71,0,xyWP1LnW+SFYo/yakmy+JQ
DA:72,0,eJ6zrxnLWn/k18a2vHOhRA
DA:73,0,+pNbfy9o+cr8r1Caa0Dl7A
DA:87,0,urC3aqdkyBH/GiqiyRpVsg
DA:99,0,gxRYEAV8cnoLTyJ7Yy7EDw
DA:127,0,EZtRTDdJrrcdY2Ej3SXU/w
DA:146,0,B8YHLMue6uh++O1i7H81FQ
DA:148,0,EKdH2hhA03xXulXa4XJ4iw
DA:149,0,RIDqXoTY6nnT6YijD3N5bQ
DA:150,0,n94XqLRbQSLxZ3OQa0wznA
DA:152,0,lrOZcsa3gWV7jmxZGIYaLA
DA:166,0,noXK/FVo+TVPgfVjj7aA2w
DA:167,0,pJa882NzBgSyNPM7B+/q+g
DA:170,0,4N8+W38Q5Bok+yTf7QWmVA
DA:171,0,1M3v68cS8f2ULdaIHyOdSg
DA:172,0,mm/Em+DazxkDkH2EE6PBEA
DA:174,0,/ZpKncFooVKtJrjl9176yw
DA:175,0,yAa6ccgcVnVzZ3xY9XH0jw
DA:176,0,sNWTN59NqjUJutq88ACWvA
DA:183,0,lrOZcsa3gWV7jmxZGIYaLA
DA:219,0,zLoPJSVQovjvLn7NUVrNFQ
DA:224,0,dyGvaOVsmLa0FZaNK0aELg
DA:256,0,VIWTi6AoWAcYayJ86VhX0A
DA:272,0,EIne+Z+PHAbEvnO8p9QbQA
DA:278,0,keW3orcINBvBaL02VjXPMA
DA:289,0,gPo/4MVOQqf3uU9oDqq4Gg
DA:291,0,FkmfUO8Aok55GgRbqnE32A
DA:292,0,wWvyVCzDRWfTVXhFZNNl1w
DA:294,0,dyGvaOVsmLa0FZaNK0aELg
DA:300,0,5+rP6aTxAlD9ztD0dfwbYw
DA:301,0,hhrcACeQMs8piLq943uGcw
DA:303,0,VV1sGRs6JYJPqxtp9RPpBA
DA:304,0,U3/LfS04yBfqpcBUqQAggg
DA:305,0,sOvtOfk75TbAtTgkgicGHg
DA:308,0,BKYL5pk5wNxY4NQdmgpDgw
DA:309,0,TMTMAPjTXwSa30NN4/SKLg
DA:311,0,Qvgzu3vGVH9tAINsHjERxg
DA:313,0,kAPzgPMU+JT0jRAxOP1Gow
DA:314,0,IFaKbAReG4wfP+J9nZY6rQ
DA:315,0,dR5uni8ZxlqhWtNyzJNw2A
DA:316,0,C4OwAAnqAzjt12qbLoaylw
DA:317,0,Krzl4P1hBpeeLv0P7RWsGA
DA:318,0,JyQPbX8vNNb+xzbWogu6WA
DA:321,0,0FF2z5LcEpk2XSKpjGjtXQ
DA:325,0,KFNMR3YRAWxf3uFyjXPNeg
DA:326,0,Djr/5pCru8MHAlUSbatZAA
DA:327,0,ub8eZmjAiJFoXuqwfaMa/g
DA:345,0,k9ARir7Pbrabb3BLTbFy8w
DA:354,0,QcipBLviEz/nyIcgAC3lHg
DA:371,0,gPo/4MVOQqf3uU9oDqq4Gg
DA:374,0,LbG2mkev/q30jMADwMvcig
DA:375,0,wWvyVCzDRWfTVXhFZNNl1w
DA:377,0,dyGvaOVsmLa0FZaNK0aELg
DA:383,0,5+rP6aTxAlD9ztD0dfwbYw
DA:385,0,hhrcACeQMs8piLq943uGcw
DA:387,0,vPIbnI9wnwV64+gVnkJ8bg
DA:388,0,U3/LfS04yBfqpcBUqQAggg
DA:389,0,sOvtOfk75TbAtTgkgicGHg
DA:391,0,PKdaz73zrK3n2ffc6TGFxw
DA:393,0,kAPzgPMU+JT0jRAxOP1Gow
DA:396,0,a6lM3Yp1t1yYoX6Qcai9dA
DA:397,0,+cLxkoJkFS48Bnfw1FNe6g
DA:399,0,PgZZH+k8+KNkmEIlTiJhAw
DA:400,0,81nS4JErC0Hw73neCZq7aA
DA:402,0,dR5uni8ZxlqhWtNyzJNw2A
DA:403,0,b8k6ctqasT3MMdpWyKMU9A
DA:406,0,qK5/go2PHPh8yrQXqGL1VA
DA:407,0,DMPjKeckNsQMkIkgjHxBXQ
DA:409,0,QU1AyPavwfP4qB1qVx9e7Q
DA:411,0,9Rb66aG4VhsrYcKxEMveow
DA:412,0,nlsWjtdlWGvD9kDND+hmNg
DA:414,0,eiMFPEZDzxKuzy7e91J6vg
DA:416,0,0FF2z5LcEpk2XSKpjGjtXQ
DA:419,0,ub8eZmjAiJFoXuqwfaMa/g
DA:433,0,mIhY06pepPV0cy3w1t6E5w
DA:442,0,3KZcZFhs//H7yEvenAPO7g
DA:448,0,bq/2f2yQsAtRzBCiODM0Dg
DA:450,0,LsT5aGcV3WzKPN+HsOqJIw
DA:451,0,wWvyVCzDRWfTVXhFZNNl1w
DA:453,0,dyGvaOVsmLa0FZaNK0aELg
DA:459,0,5+rP6aTxAlD9ztD0dfwbYw
DA:460,0,R9x+eaYxulONd0dOxrzs8w
DA:461,0,xy9/5euzvcix1Stexl2VEg
DA:463,0,kAPzgPMU+JT0jRAxOP1Gow
DA:464,0,a7gsS5TUqGCgpTRDZ3oYTg
DA:466,0,owilo6mp4Ha4LJYs0RZ4fQ
DA:467,0,iYd1s9aEmoDpveVw3/3jhA
DA:469,0,tiEBHu/iFY7e1frYQ9JdtQ
DA:471,0,VtnfID5lNOm0Jxqdnc8Vjw
DA:474,0,ZJbf6q5x8cwT1rrVNVfPdw
DA:475,0,ZFGSwB2Pi24e6qCxesw9NA
DA:477,0,Cy1y/VyIwGokzjXCMObhFA
DA:480,0,jUo9YQD3+ELjNIFE3B8eRw
DA:482,0,ygc6lGjmv/fILly0KX/j+A
DA:484,0,vbR62PeDvbwiC23KDJ9H5A
DA:487,0,YRi77dyGlgM1D4T2vanFmw
DA:489,0,eiMFPEZDzxKuzy7e91J6vg
DA:491,0,0FF2z5LcEpk2XSKpjGjtXQ
DA:494,0,ub8eZmjAiJFoXuqwfaMa/g
DA:507,0,OFzpvZ6rPG6a0i4wRrP6lQ
DA:510,0,fflHezqFNvBWw8iyP1JYNw
DA:515,0,ozRh4YSX5efwXx6Fldr2fg
DA:517,0,Wp0S6Tjb/EPm67sacGlKyw
DA:523,0,K1UGJHyJYpiUq1LekQEuNA
DA:526,0,hb1x2dWJ+c4uG4iP1IoUFQ
DA:527,0,kcYSU3AhxIRrS3v1mJ4v8g
DA:530,0,YzfOWCRCYEq+arILJNkcew
DA:533,0,XnFlXTApHUeunRDuG8Y07Q
DA:535,0,ub8eZmjAiJFoXuqwfaMa/g
DA:548,0,KQK5Nu7/JND/2JX87ej8Vg
DA:554,0,sdStWfJQtulXY1mf4jlXgA
DA:561,0,gPo/4MVOQqf3uU9oDqq4Gg
DA:563,0,fmcTk5CSaYsi+sSE/gDG0A
DA:564,0,wWvyVCzDRWfTVXhFZNNl1w
DA:566,0,dyGvaOVsmLa0FZaNK0aELg
DA:572,0,5+rP6aTxAlD9ztD0dfwbYw
DA:574,0,hhrcACeQMs8piLq943uGcw
DA:576,0,tAgwdE6eidetFQsDnqeISQ
DA:577,0,U3/LfS04yBfqpcBUqQAggg
DA:578,0,sOvtOfk75TbAtTgkgicGHg
DA:580,0,m9koXIU5O+U9411Bw1+Pcg
DA:582,0,kAPzgPMU+JT0jRAxOP1Gow
DA:585,0,A0Xgda5AK0PerK++tbdIQw
DA:586,0,RgQFZ9yMibAHAdAPr09BGQ
DA:588,0,PcNgtfOT9mZ2/SwEqrtkTw
DA:589,0,me5Qe4HlOHgqky4xn1JW2w
DA:591,0,dR5uni8ZxlqhWtNyzJNw2A
DA:592,0,JKagVzVZEEMjvY+NbdXlhQ
DA:595,0,qK5/go2PHPh8yrQXqGL1VA
DA:596,0,DMPjKeckNsQMkIkgjHxBXQ
DA:598,0,yy4VEJdbOa4k695qi1wcWw
DA:601,0,q7n1S+SfQqakxXbA4NbqtA
DA:602,0,nlsWjtdlWGvD9kDND+hmNg
DA:604,0,eiMFPEZDzxKuzy7e91J6vg
DA:606,0,0FF2z5LcEpk2XSKpjGjtXQ
DA:609,0,ub8eZmjAiJFoXuqwfaMa/g
DA:621,0,8ny/RTMRPvgUaDMSr9uU6Q
DA:623,0,qDPmRiQiQnkejXNzZt7DqQ
DA:626,0,53sLwFg+4akBZC09A3fXcw
DA:628,0,0kwxqEJJ+M9GI57O9GBLvQ
DA:631,0,Srf25pJ3mGjYyKfVKEywkA
DA:632,0,krcXU9c2HMzTtpSWpBXS4w
DA:633,0,7NpnjWX8fGxoacsBLeZyCg
DA:634,0,iuw/HpqpASYETpoS9opH/g
DA:635,0,HQ+E+KPcluhLmbSSDFu2ug
DA:637,0,lrOZcsa3gWV7jmxZGIYaLA
DA:649,0,8OzsdN/mrXDva7qkQFKalQ
DA:651,0,CwZWoAQFwm6XspNGYT25Gg
DA:652,0,W/g8GJDAYJkSSurt59Mzfw
DA:653,0,LWILTcvARcydjFFyo9qM0A
DA:666,0,2Sse5doCMVPj9MHyXgQ2LA
DA:667,0,eqpOShRnbIMvNnnQrVhtvQ
DA:670,0,AyOIglLUQPyCiFGT25N8Vg
DA:671,0,bN9M+bPLDjhjM1E58M+DqA
DA:675,0,Gp5caBY3LrH747GbJ9EUNA
DA:676,0,5Rb/qd8sCwCN7Ieo7bp8AA
DA:678,0,kcYSU3AhxIRrS3v1mJ4v8g
DA:682,0,XNiAn+pM6ciSbM9wGanfPg
DA:685,0,mTOxQN2Cfim4jMYcEuJ0vw
DA:686,0,kcYSU3AhxIRrS3v1mJ4v8g
DA:690,0,ub8eZmjAiJFoXuqwfaMa/g
DA:703,0,y0Ew+wgN46qlltDC1CgTCg
DA:705,0,eqpOShRnbIMvNnnQrVhtvQ
DA:709,0,CCeDJv30HKp1Sh3kgVcHFw
DA:713,0,VmFr0CTlVb4uQau/58HLnw
DA:717,0,YQYWz/JQABV5MfMvo7CcMA
DA:718,0,fwdO6zfqMr/f7UpNdgc4PA
DA:719,0,zLoPJSVQovjvLn7NUVrNFQ
DA:720,0,zF7ohpiFeBqALum8dJM/Aw
DA:721,0,g+jNwsS6m6Zm3dOTegmIxQ
DA:724,0,gtf5JXFRvdxvyBk7b4TQ3w
DA:727,0,XC9m8BYUMbrsQCaR2Xkpnw
DA:729,0,X2U81ok5gbva/Hwd2+ayOg
DA:730,0,wHxrRhlcjBn7EZYSQzKTfQ
DA:735,0,imYtovXPdbY+z0X0nKUjJw
DA:736,0,hq/Qslhz/j63+w/HwZRddQ
DA:740,0,g32nEDyDqZxcmgCjFXQhcA
DA:742,0,lrOZcsa3gWV7jmxZGIYaLA
DA:757,0,uBsyQWKpqYa2IpArI7LN5g
DA:758,0,iINsDetStNd62gaEuGmvvg
DA:760,0,+etu4sKcv+LCZSOX4z6Hvg
DA:761,0,cb/4lHEjacu/qye45H9W3g
DA:763,0,a9aPKNvy5ZQ+rmDTu4hzQQ
DA:764,0,yKpo33FkaBQ8Uwfm+1iMqg
DA:765,0,mRkJ2AD+JcW29/TYwyd8Cg
DA:766,0,gofMDwWnu/PkVZZ0CFKIoQ
DA:768,0,A52prtSyUlUQ2t/7QOZeaQ
DA:770,0,m7kJ3VO9hxAAh7l8mastpQ
DA:803,0,YMjfSOmmuVsODVYjzfidSA
DA:804,0,urC3aqdkyBH/GiqiyRpVsg
LF:258
LH:67
end_of_record
TN:
SF:tests/__init__.py
DA:1,1,1B2M2Y8AsgTpgAmY7PhCfg
LF:0
LH:0
end_of_record
TN:
SF:tests/test_convert_airplane_landing_lights.py
DA:1,1,lh+ifAebGxnNVD4s8Yow4Q
DA:3,1,PtiC18d6iBhi+CmYIuLC9w
DA:6,1,9bQIHPrD8AVFg+fiUsVQ/g
DA:23,1,sja/qHugUs9HnVQNPpeEvA
DA:25,1,vpC2PmYdwRKcooDfvMupuA
DA:27,1,0uRD7nhvHF7+gpFUbPhaig
DA:30,1,PilaJ6MOXL6BenC0knsIGQ
LF:7
LH:7
end_of_record
